<?xml version="1.0" encoding="UTF-8"?>
<!-- Generated by org.testng.reporters.JUnitReportReporter -->
<testsuite hostname="DESKTOP-487IQB8" failures="0" tests="2" name="testng.LearnAnnotations" time="0.007" errors="0" timestamp="2021-10-30T08:38:09 IST" skipped="0">
  <testcase classname="testng.LearnAnnotations" name="test1" time="0.002"/>
  <system-out>
    <![CDATA[Welcome to TestNG test 1]]>
  </system-out>
  <testcase classname="testng.LearnAnnotations" name="test2" time="0.005"/>
  <system-out>
    <![CDATA[Welcome to TestNG test 2]]>
  </system-out>
</testsuite> <!-- testng.LearnAnnotations -->
